# JRE version: OpenJDK Runtime Environment (17.0.9) (build 17.0.9+0--11185874)
# Java VM: OpenJDK 64-Bit Server VM (17.0.9+0--11185874, mixed mode, tiered, compressed oops, compressed class ptrs, g1 gc, windows-amd64)
GC Precious Log:
 CPUs: 12 total, 12 available
 Memory: 16088M
 Large Page Support: Disabled
 NUMA Support: Disabled
 Compressed Oops: Enabled (32-bit)
 Heap Region Size: 1M
 Heap Min Capacity: 8M
 Heap Initial Capacity: 252M
 Heap Max Capacity: 2G
 Pre-touch: Disabled
 Parallel Workers: 10
 Concurrent Workers: 3
 Concurrent Refinement Workers: 10
 Periodic GC: Disabled
Heap:
 garbage-first heap   total 210944K, used 131797K [0x0000000080000000, 0x0000000100000000)
  region size 1024K, 9 young (9216K), 6 survivors (6144K)
 Metaspace       used 100434K, committed 101312K, reserved 1179648K
  class space    used 13744K, committed 14144K, reserved 1048576K
GC Heap History (20 events):
Event: 7.216 GC heap before
{Heap before GC invocations=42 (full 0):
 garbage-first heap   total 188416K, used 145322K [0x0000000080000000, 0x0000000100000000)
  region size 1024K, 52 young (53248K), 2 survivors (2048K)
 Metaspace       used 74467K, committed 75200K, reserved 1114112K
  class space    used 10041K, committed 10368K, reserved 1048576K
}
Event: 7.220 GC heap after
{Heap after GC invocations=43 (full 0):
 garbage-first heap   total 188416K, used 91778K [0x0000000080000000, 0x0000000100000000)
  region size 1024K, 6 young (6144K), 6 survivors (6144K)
 Metaspace       used 74467K, committed 75200K, reserved 1114112K
  class space    used 10041K, committed 10368K, reserved 1048576K
}
Event: 7.502 GC heap before
{Heap before GC invocations=43 (full 0):
 garbage-first heap   total 188416K, used 120450K [0x0000000080000000, 0x0000000100000000)
  region size 1024K, 35 young (35840K), 6 survivors (6144K)
 Metaspace       used 77488K, committed 78144K, reserved 1179648K
  class space    used 10446K, committed 10752K, reserved 1048576K
}
Event: 7.504 GC heap after
{Heap after GC invocations=44 (full 0):
 garbage-first heap   total 188416K, used 93720K [0x0000000080000000, 0x0000000100000000)
  region size 1024K, 2 young (2048K), 2 survivors (2048K)
 Metaspace       used 77488K, committed 78144K, reserved 1179648K
  class space    used 10446K, committed 10752K, reserved 1048576K
}
Event: 7.911 GC heap before
{Heap before GC invocations=45 (full 0):
 garbage-first heap   total 188416K, used 147992K [0x0000000080000000, 0x0000000100000000)
  region size 1024K, 51 young (52224K), 2 survivors (2048K)
 Metaspace       used 82382K, committed 83072K, reserved 1179648K
  class space    used 11134K, committed 11456K, reserved 1048576K
}
Event: 7.915 GC heap after
{Heap after GC invocations=46 (full 0):
 garbage-first heap   total 188416K, used 100359K [0x0000000080000000, 0x0000000100000000)
  region size 1024K, 5 young (5120K), 5 survivors (5120K)
 Metaspace       used 82382K, committed 83072K, reserved 1179648K
  class space    used 11134K, committed 11456K, reserved 1048576K
}
Event: 8.311 GC heap before
{Heap before GC invocations=46 (full 0):
 garbage-first heap   total 188416K, used 149511K [0x0000000080000000, 0x0000000100000000)
  region size 1024K, 53 young (54272K), 5 survivors (5120K)
 Metaspace       used 84660K, committed 85376K, reserved 1179648K
  class space    used 11435K, committed 11776K, reserved 1048576K
}
Event: 8.316 GC heap after
{Heap after GC invocations=47 (full 0):
 garbage-first heap   total 188416K, used 104714K [0x0000000080000000, 0x0000000100000000)
  region size 1024K, 7 young (7168K), 7 survivors (7168K)
 Metaspace       used 84660K, committed 85376K, reserved 1179648K
  class space    used 11435K, committed 11776K, reserved 1048576K
}
Event: 8.691 GC heap before
{Heap before GC invocations=48 (full 0):
 garbage-first heap   total 188416K, used 152842K [0x0000000080000000, 0x0000000100000000)
  region size 1024K, 53 young (54272K), 7 survivors (7168K)
 Metaspace       used 87794K, committed 88576K, reserved 1179648K
  class space    used 11854K, committed 12224K, reserved 1048576K
}
Event: 8.697 GC heap after
{Heap after GC invocations=49 (full 0):
 garbage-first heap   total 188416K, used 107463K [0x0000000080000000, 0x0000000100000000)
  region size 1024K, 3 young (3072K), 3 survivors (3072K)
 Metaspace       used 87794K, committed 88576K, reserved 1179648K
  class space    used 11854K, committed 12224K, reserved 1048576K
}
Event: 8.744 GC heap before
{Heap before GC invocations=49 (full 0):
 garbage-first heap   total 188416K, used 113607K [0x0000000080000000, 0x0000000100000000)
  region size 1024K, 9 young (9216K), 3 survivors (3072K)
 Metaspace       used 88175K, committed 88960K, reserved 1179648K
  class space    used 11920K, committed 12288K, reserved 1048576K
}
Event: 8.746 GC heap after
{Heap after GC invocations=50 (full 0):
 garbage-first heap   total 188416K, used 107130K [0x0000000080000000, 0x0000000100000000)
  region size 1024K, 1 young (1024K), 1 survivors (1024K)
 Metaspace       used 88175K, committed 88960K, reserved 1179648K
  class space    used 11920K, committed 12288K, reserved 1048576K
}
Event: 9.145 GC heap before
{Heap before GC invocations=50 (full 0):
 garbage-first heap   total 188416K, used 154234K [0x0000000080000000, 0x0000000100000000)
  region size 1024K, 47 young (48128K), 1 survivors (1024K)
 Metaspace       used 91540K, committed 92288K, reserved 1179648K
  class space    used 12553K, committed 12928K, reserved 1048576K
}
Event: 9.148 GC heap after
{Heap after GC invocations=51 (full 0):
 garbage-first heap   total 188416K, used 108150K [0x0000000080000000, 0x0000000100000000)
  region size 1024K, 2 young (2048K), 2 survivors (2048K)
 Metaspace       used 91540K, committed 92288K, reserved 1179648K
  class space    used 12553K, committed 12928K, reserved 1048576K
}
Event: 9.546 GC heap before
{Heap before GC invocations=52 (full 0):
 garbage-first heap   total 188416K, used 155254K [0x0000000080000000, 0x0000000100000000)
  region size 1024K, 49 young (50176K), 2 survivors (2048K)
 Metaspace       used 95006K, committed 95808K, reserved 1179648K
  class space    used 13050K, committed 13440K, reserved 1048576K
}
Event: 9.550 GC heap after
{Heap after GC invocations=53 (full 0):
 garbage-first heap   total 188416K, used 110482K [0x0000000080000000, 0x0000000100000000)
  region size 1024K, 4 young (4096K), 4 survivors (4096K)
 Metaspace       used 95006K, committed 95808K, reserved 1179648K
  class space    used 13050K, committed 13440K, reserved 1048576K
}
Event: 9.573 GC heap before
{Heap before GC invocations=53 (full 0):
 garbage-first heap   total 188416K, used 115602K [0x0000000080000000, 0x0000000100000000)
  region size 1024K, 9 young (9216K), 4 survivors (4096K)
 Metaspace       used 95214K, committed 96000K, reserved 1179648K
  class space    used 13068K, committed 13440K, reserved 1048576K
}
Event: 9.577 GC heap after
{Heap after GC invocations=54 (full 0):
 garbage-first heap   total 188416K, used 111841K [0x0000000080000000, 0x0000000100000000)
  region size 1024K, 2 young (2048K), 2 survivors (2048K)
 Metaspace       used 95214K, committed 96000K, reserved 1179648K
  class space    used 13068K, committed 13440K, reserved 1048576K
}
Event: 10.003 GC heap before
{Heap before GC invocations=54 (full 0):
 garbage-first heap   total 188416K, used 171233K [0x0000000080000000, 0x0000000100000000)
  region size 1024K, 45 young (46080K), 2 survivors (2048K)
 Metaspace       used 100389K, committed 101312K, reserved 1179648K
  class space    used 13737K, committed 14144K, reserved 1048576K
}
Event: 10.007 GC heap after
{Heap after GC invocations=55 (full 0):
 garbage-first heap   total 188416K, used 129749K [0x0000000080000000, 0x0000000100000000)
  region size 1024K, 6 young (6144K), 6 survivors (6144K)
 Metaspace       used 100389K, committed 101312K, reserved 1179648K
  class space    used 13737K, committed 14144K, reserved 1048576K
}

