# JRE version: OpenJDK Runtime Environment (17.0.9) (build 17.0.9+0--11185874)
# Java VM: OpenJDK 64-Bit Server VM (17.0.9+0--11185874, mixed mode, tiered, compressed oops, compressed class ptrs, g1 gc, windows-amd64)
GC Precious Log:
 CPUs: 12 total, 12 available
 Memory: 16088M
 Large Page Support: Disabled
 NUMA Support: Disabled
 Compressed Oops: Enabled (32-bit)
 Heap Region Size: 1M
 Heap Min Capacity: 8M
 Heap Initial Capacity: 252M
 Heap Max Capacity: 2G
 Pre-touch: Disabled
 Parallel Workers: 10
 Concurrent Workers: 3
 Concurrent Refinement Workers: 10
 Periodic GC: Disabled
Heap:
 garbage-first heap   total 180224K, used 116634K [0x0000000080000000, 0x0000000100000000)
  region size 1024K, 3 young (3072K), 3 survivors (3072K)
 Metaspace       used 109921K, committed 110720K, reserved 1179648K
  class space    used 15119K, committed 15488K, reserved 1048576K
GC Heap History (20 events):
Event: 7.540 GC heap after
{Heap after GC invocations=33 (full 0):
 garbage-first heap   total 180224K, used 81684K [0x0000000080000000, 0x0000000100000000)
  region size 1024K, 6 young (6144K), 6 survivors (6144K)
 Metaspace       used 80758K, committed 81344K, reserved 1179648K
  class space    used 10935K, committed 11200K, reserved 1048576K
}
Event: 8.009 GC heap before
{Heap before GC invocations=33 (full 0):
 garbage-first heap   total 180224K, used 139028K [0x0000000080000000, 0x0000000100000000)
  region size 1024K, 61 young (62464K), 6 survivors (6144K)
 Metaspace       used 84720K, committed 85312K, reserved 1179648K
  class space    used 11517K, committed 11776K, reserved 1048576K
}
Event: 8.014 GC heap after
{Heap after GC invocations=34 (full 0):
 garbage-first heap   total 180224K, used 83564K [0x0000000080000000, 0x0000000100000000)
  region size 1024K, 2 young (2048K), 2 survivors (2048K)
 Metaspace       used 84720K, committed 85312K, reserved 1179648K
  class space    used 11517K, committed 11776K, reserved 1048576K
}
Event: 8.500 GC heap before
{Heap before GC invocations=34 (full 0):
 garbage-first heap   total 180224K, used 142956K [0x0000000080000000, 0x0000000100000000)
  region size 1024K, 60 young (61440K), 2 survivors (2048K)
 Metaspace       used 88879K, committed 89536K, reserved 1179648K
  class space    used 12260K, committed 12544K, reserved 1048576K
}
Event: 8.503 GC heap after
{Heap after GC invocations=35 (full 0):
 garbage-first heap   total 180224K, used 85839K [0x0000000080000000, 0x0000000100000000)
  region size 1024K, 5 young (5120K), 5 survivors (5120K)
 Metaspace       used 88879K, committed 89536K, reserved 1179648K
  class space    used 12260K, committed 12544K, reserved 1048576K
}
Event: 9.082 GC heap before
{Heap before GC invocations=35 (full 0):
 garbage-first heap   total 180224K, used 145231K [0x0000000080000000, 0x0000000100000000)
  region size 1024K, 63 young (64512K), 5 survivors (5120K)
 Metaspace       used 93299K, committed 93952K, reserved 1179648K
  class space    used 12922K, committed 13248K, reserved 1048576K
}
Event: 9.087 GC heap after
{Heap after GC invocations=36 (full 0):
 garbage-first heap   total 180224K, used 88924K [0x0000000080000000, 0x0000000100000000)
  region size 1024K, 8 young (8192K), 8 survivors (8192K)
 Metaspace       used 93299K, committed 93952K, reserved 1179648K
  class space    used 12922K, committed 13248K, reserved 1048576K
}
Event: 9.666 GC heap before
{Heap before GC invocations=36 (full 0):
 garbage-first heap   total 180224K, used 146268K [0x0000000080000000, 0x0000000100000000)
  region size 1024K, 64 young (65536K), 8 survivors (8192K)
 Metaspace       used 98426K, committed 99136K, reserved 1179648K
  class space    used 13650K, committed 13952K, reserved 1048576K
}
Event: 9.670 GC heap after
{Heap after GC invocations=37 (full 0):
 garbage-first heap   total 180224K, used 91887K [0x0000000080000000, 0x0000000100000000)
  region size 1024K, 7 young (7168K), 7 survivors (7168K)
 Metaspace       used 98426K, committed 99136K, reserved 1179648K
  class space    used 13650K, committed 13952K, reserved 1048576K
}
Event: 10.110 GC heap before
{Heap before GC invocations=37 (full 0):
 garbage-first heap   total 180224K, used 152303K [0x0000000080000000, 0x0000000100000000)
  region size 1024K, 62 young (63488K), 7 survivors (7168K)
 Metaspace       used 102233K, committed 102976K, reserved 1179648K
  class space    used 14060K, committed 14400K, reserved 1048576K
}
Event: 10.116 GC heap after
{Heap after GC invocations=38 (full 0):
 garbage-first heap   total 180224K, used 97785K [0x0000000080000000, 0x0000000100000000)
  region size 1024K, 8 young (8192K), 8 survivors (8192K)
 Metaspace       used 102233K, committed 102976K, reserved 1179648K
  class space    used 14060K, committed 14400K, reserved 1048576K
}
Event: 10.491 GC heap before
{Heap before GC invocations=38 (full 0):
 garbage-first heap   total 180224K, used 147961K [0x0000000080000000, 0x0000000100000000)
  region size 1024K, 57 young (58368K), 8 survivors (8192K)
 Metaspace       used 103953K, committed 104704K, reserved 1179648K
  class space    used 14411K, committed 14784K, reserved 1048576K
}
Event: 10.496 GC heap after
{Heap after GC invocations=39 (full 0):
 garbage-first heap   total 180224K, used 104744K [0x0000000080000000, 0x0000000100000000)
  region size 1024K, 7 young (7168K), 7 survivors (7168K)
 Metaspace       used 103953K, committed 104704K, reserved 1179648K
  class space    used 14411K, committed 14784K, reserved 1048576K
}
Event: 10.772 GC heap before
{Heap before GC invocations=39 (full 0):
 garbage-first heap   total 180224K, used 146728K [0x0000000080000000, 0x0000000100000000)
  region size 1024K, 49 young (50176K), 7 survivors (7168K)
 Metaspace       used 105203K, committed 106048K, reserved 1179648K
  class space    used 14551K, committed 14976K, reserved 1048576K
}
Event: 10.776 GC heap after
{Heap after GC invocations=40 (full 0):
 garbage-first heap   total 180224K, used 107523K [0x0000000080000000, 0x0000000100000000)
  region size 1024K, 5 young (5120K), 5 survivors (5120K)
 Metaspace       used 105203K, committed 106048K, reserved 1179648K
  class space    used 14551K, committed 14976K, reserved 1048576K
}
Event: 11.214 GC heap before
{Heap before GC invocations=40 (full 0):
 garbage-first heap   total 180224K, used 147459K [0x0000000080000000, 0x0000000100000000)
  region size 1024K, 45 young (46080K), 5 survivors (5120K)
 Metaspace       used 107080K, committed 107840K, reserved 1179648K
  class space    used 14794K, committed 15168K, reserved 1048576K
}
Event: 11.218 GC heap after
{Heap after GC invocations=41 (full 0):
 garbage-first heap   total 180224K, used 111176K [0x0000000080000000, 0x0000000100000000)
  region size 1024K, 5 young (5120K), 5 survivors (5120K)
 Metaspace       used 107080K, committed 107840K, reserved 1179648K
  class space    used 14794K, committed 15168K, reserved 1048576K
}
Event: 11.412 GC heap before
{Heap before GC invocations=41 (full 0):
 garbage-first heap   total 180224K, used 147016K [0x0000000080000000, 0x0000000100000000)
  region size 1024K, 41 young (41984K), 5 survivors (5120K)
 Metaspace       used 107369K, committed 108160K, reserved 1179648K
  class space    used 14804K, committed 15168K, reserved 1048576K
}
Event: 11.415 GC heap after
{Heap after GC invocations=42 (full 0):
 garbage-first heap   total 180224K, used 114660K [0x0000000080000000, 0x0000000100000000)
  region size 1024K, 4 young (4096K), 4 survivors (4096K)
 Metaspace       used 107369K, committed 108160K, reserved 1179648K
  class space    used 14804K, committed 15168K, reserved 1048576K
}
Event: 11.759 GC heap before
{Heap before GC invocations=42 (full 0):
 garbage-first heap   total 180224K, used 148452K [0x0000000080000000, 0x0000000100000000)
  region size 1024K, 38 young (38912K), 4 survivors (4096K)
 Metaspace       used 109921K, committed 110720K, reserved 1179648K
  class space    used 15119K, committed 15488K, reserved 1048576K
}

