# JRE version: OpenJDK Runtime Environment (17.0.9) (build 17.0.9+0--11185874)
# Java VM: OpenJDK 64-Bit Server VM (17.0.9+0--11185874, mixed mode, tiered, compressed oops, compressed class ptrs, g1 gc, windows-amd64)
GC Precious Log:
 CPUs: 12 total, 12 available
 Memory: 16088M
 Large Page Support: Disabled
 NUMA Support: Disabled
 Compressed Oops: Enabled (32-bit)
 Heap Region Size: 1M
 Heap Min Capacity: 8M
 Heap Initial Capacity: 252M
 Heap Max Capacity: 2G
 Pre-touch: Disabled
 Parallel Workers: 10
 Concurrent Workers: 3
 Concurrent Refinement Workers: 10
 Periodic GC: Disabled
Heap:
 garbage-first heap   total 259072K, used 84199K [0x0000000080000000, 0x0000000100000000)
  region size 1024K, 1 young (1024K), 1 survivors (1024K)
 Metaspace       used 62716K, committed 63424K, reserved 1114112K
  class space    used 8554K, committed 8896K, reserved 1048576K
GC Heap History (20 events):
Event: 3.785 GC heap after
{Heap after GC invocations=14 (full 0):
 garbage-first heap   total 91136K, used 48052K [0x0000000080000000, 0x0000000100000000)
  region size 1024K, 2 young (2048K), 2 survivors (2048K)
 Metaspace       used 47335K, committed 47808K, reserved 1114112K
  class space    used 6300K, committed 6528K, reserved 1048576K
}
Event: 4.001 GC heap before
{Heap before GC invocations=14 (full 0):
 garbage-first heap   total 91136K, used 65460K [0x0000000080000000, 0x0000000100000000)
  region size 1024K, 20 young (20480K), 2 survivors (2048K)
 Metaspace       used 48460K, committed 48960K, reserved 1114112K
  class space    used 6478K, committed 6720K, reserved 1048576K
}
Event: 4.005 GC heap after
{Heap after GC invocations=15 (full 0):
 garbage-first heap   total 91136K, used 50378K [0x0000000080000000, 0x0000000100000000)
  region size 1024K, 4 young (4096K), 4 survivors (4096K)
 Metaspace       used 48460K, committed 48960K, reserved 1114112K
  class space    used 6478K, committed 6720K, reserved 1048576K
}
Event: 4.247 GC heap before
{Heap before GC invocations=16 (full 0):
 garbage-first heap   total 92160K, used 77002K [0x0000000080000000, 0x0000000100000000)
  region size 1024K, 26 young (26624K), 4 survivors (4096K)
 Metaspace       used 51089K, committed 51648K, reserved 1114112K
  class space    used 6737K, committed 6976K, reserved 1048576K
}
Event: 4.250 GC heap after
{Heap after GC invocations=17 (full 0):
 garbage-first heap   total 92160K, used 55694K [0x0000000080000000, 0x0000000100000000)
  region size 1024K, 3 young (3072K), 3 survivors (3072K)
 Metaspace       used 51089K, committed 51648K, reserved 1114112K
  class space    used 6737K, committed 6976K, reserved 1048576K
}
Event: 4.259 GC heap before
{Heap before GC invocations=17 (full 0):
 garbage-first heap   total 92160K, used 56718K [0x0000000080000000, 0x0000000100000000)
  region size 1024K, 4 young (4096K), 3 survivors (3072K)
 Metaspace       used 51204K, committed 51712K, reserved 1114112K
  class space    used 6756K, committed 6976K, reserved 1048576K
}
Event: 4.260 GC heap after
{Heap after GC invocations=18 (full 0):
 garbage-first heap   total 92160K, used 55513K [0x0000000080000000, 0x0000000100000000)
  region size 1024K, 1 young (1024K), 1 survivors (1024K)
 Metaspace       used 51204K, committed 51712K, reserved 1114112K
  class space    used 6756K, committed 6976K, reserved 1048576K
}
Event: 4.419 GC heap before
{Heap before GC invocations=18 (full 0):
 garbage-first heap   total 92160K, used 73945K [0x0000000080000000, 0x0000000100000000)
  region size 1024K, 20 young (20480K), 1 survivors (1024K)
 Metaspace       used 52211K, committed 52736K, reserved 1114112K
  class space    used 6949K, committed 7168K, reserved 1048576K
}
Event: 4.420 GC heap after
{Heap after GC invocations=19 (full 0):
 garbage-first heap   total 123904K, used 55991K [0x0000000080000000, 0x0000000100000000)
  region size 1024K, 1 young (1024K), 1 survivors (1024K)
 Metaspace       used 52211K, committed 52736K, reserved 1114112K
  class space    used 6949K, committed 7168K, reserved 1048576K
}
Event: 4.912 GC heap before
{Heap before GC invocations=20 (full 0):
 garbage-first heap   total 123904K, used 95927K [0x0000000080000000, 0x0000000100000000)
  region size 1024K, 40 young (40960K), 1 survivors (1024K)
 Metaspace       used 56816K, committed 57472K, reserved 1114112K
  class space    used 7706K, committed 8000K, reserved 1048576K
}
Event: 4.915 GC heap after
{Heap after GC invocations=21 (full 0):
 garbage-first heap   total 123904K, used 58512K [0x0000000080000000, 0x0000000100000000)
  region size 1024K, 4 young (4096K), 4 survivors (4096K)
 Metaspace       used 56816K, committed 57472K, reserved 1114112K
  class space    used 7706K, committed 8000K, reserved 1048576K
}
Event: 4.936 GC heap before
{Heap before GC invocations=21 (full 0):
 garbage-first heap   total 123904K, used 60560K [0x0000000080000000, 0x0000000100000000)
  region size 1024K, 6 young (6144K), 4 survivors (4096K)
 Metaspace       used 56975K, committed 57664K, reserved 1114112K
  class space    used 7740K, committed 8064K, reserved 1048576K
}
Event: 4.939 GC heap after
{Heap after GC invocations=22 (full 0):
 garbage-first heap   total 123904K, used 58380K [0x0000000080000000, 0x0000000100000000)
  region size 1024K, 1 young (1024K), 1 survivors (1024K)
 Metaspace       used 56975K, committed 57664K, reserved 1114112K
  class space    used 7740K, committed 8064K, reserved 1048576K
}
Event: 5.511 GC heap before
{Heap before GC invocations=22 (full 0):
 garbage-first heap   total 123904K, used 97292K [0x0000000080000000, 0x0000000100000000)
  region size 1024K, 40 young (40960K), 1 survivors (1024K)
 Metaspace       used 60052K, committed 60672K, reserved 1114112K
  class space    used 8209K, committed 8512K, reserved 1048576K
}
Event: 5.514 GC heap after
{Heap after GC invocations=23 (full 0):
 garbage-first heap   total 123904K, used 61896K [0x0000000080000000, 0x0000000100000000)
  region size 1024K, 4 young (4096K), 4 survivors (4096K)
 Metaspace       used 60052K, committed 60672K, reserved 1114112K
  class space    used 8209K, committed 8512K, reserved 1048576K
}
Event: 5.775 GC heap before
{Heap before GC invocations=24 (full 0):
 garbage-first heap   total 123904K, used 111048K [0x0000000080000000, 0x0000000100000000)
  region size 1024K, 40 young (40960K), 4 survivors (4096K)
 Metaspace       used 61345K, committed 62080K, reserved 1114112K
  class space    used 8378K, committed 8704K, reserved 1048576K
}
Event: 5.780 GC heap after
{Heap after GC invocations=25 (full 0):
 garbage-first heap   total 124928K, used 82478K [0x0000000080000000, 0x0000000100000000)
  region size 1024K, 5 young (5120K), 5 survivors (5120K)
 Metaspace       used 61345K, committed 62080K, reserved 1114112K
  class space    used 8378K, committed 8704K, reserved 1048576K
}
Event: 5.784 GC heap before
{Heap before GC invocations=25 (full 0):
 garbage-first heap   total 124928K, used 82478K [0x0000000080000000, 0x0000000100000000)
  region size 1024K, 6 young (6144K), 5 survivors (5120K)
 Metaspace       used 61381K, committed 62080K, reserved 1114112K
  class space    used 8382K, committed 8704K, reserved 1048576K
}
Event: 5.788 GC heap after
{Heap after GC invocations=26 (full 0):
 garbage-first heap   total 124928K, used 82297K [0x0000000080000000, 0x0000000100000000)
  region size 1024K, 1 young (1024K), 1 survivors (1024K)
 Metaspace       used 61381K, committed 62080K, reserved 1114112K
  class space    used 8382K, committed 8704K, reserved 1048576K
}
Event: 5.913 GC heap before
{Heap before GC invocations=26 (full 0):
 garbage-first heap   total 124928K, used 100729K [0x0000000080000000, 0x0000000100000000)
  region size 1024K, 19 young (19456K), 1 survivors (1024K)
 Metaspace       used 62716K, committed 63424K, reserved 1114112K
  class space    used 8554K, committed 8896K, reserved 1048576K
}

