# JRE version: OpenJDK Runtime Environment (17.0.9) (build 17.0.9+0--11185874)
# Java VM: OpenJDK 64-Bit Server VM (17.0.9+0--11185874, mixed mode, tiered, compressed oops, compressed class ptrs, g1 gc, windows-amd64)
GC Precious Log:
 CPUs: 12 total, 12 available
 Memory: 16088M
 Large Page Support: Disabled
 NUMA Support: Disabled
 Compressed Oops: Enabled (32-bit)
 Heap Region Size: 1M
 Heap Min Capacity: 8M
 Heap Initial Capacity: 252M
 Heap Max Capacity: 2G
 Pre-touch: Disabled
 Parallel Workers: 10
 Concurrent Workers: 3
 Concurrent Refinement Workers: 10
 Periodic GC: Disabled
Heap:
 garbage-first heap   total 259072K, used 146053K [0x0000000080000000, 0x0000000100000000)
  region size 1024K, 5 young (5120K), 5 survivors (5120K)
 Metaspace       used 101889K, committed 102720K, reserved 1179648K
  class space    used 13913K, committed 14336K, reserved 1048576K
GC Heap History (20 events):
Event: 8.608 GC heap after
{Heap after GC invocations=48 (full 0):
 garbage-first heap   total 165888K, used 99576K [0x0000000080000000, 0x0000000100000000)
  region size 1024K, 4 young (4096K), 4 survivors (4096K)
 Metaspace       used 78604K, committed 79360K, reserved 1179648K
  class space    used 10595K, committed 10944K, reserved 1048576K
}
Event: 8.645 GC heap before
{Heap before GC invocations=48 (full 0):
 garbage-first heap   total 165888K, used 103672K [0x0000000080000000, 0x0000000100000000)
  region size 1024K, 8 young (8192K), 4 survivors (4096K)
 Metaspace       used 79038K, committed 79744K, reserved 1179648K
  class space    used 10669K, committed 11008K, reserved 1048576K
}
Event: 8.649 GC heap after
{Heap after GC invocations=49 (full 0):
 garbage-first heap   total 199680K, used 99252K [0x0000000080000000, 0x0000000100000000)
  region size 1024K, 1 young (1024K), 1 survivors (1024K)
 Metaspace       used 79038K, committed 79744K, reserved 1179648K
  class space    used 10669K, committed 11008K, reserved 1048576K
}
Event: 9.148 GC heap before
{Heap before GC invocations=49 (full 0):
 garbage-first heap   total 199680K, used 151476K [0x0000000080000000, 0x0000000100000000)
  region size 1024K, 52 young (53248K), 1 survivors (1024K)
 Metaspace       used 83885K, committed 84544K, reserved 1179648K
  class space    used 11331K, committed 11648K, reserved 1048576K
}
Event: 9.151 GC heap after
{Heap after GC invocations=50 (full 0):
 garbage-first heap   total 199680K, used 101214K [0x0000000080000000, 0x0000000100000000)
  region size 1024K, 3 young (3072K), 3 survivors (3072K)
 Metaspace       used 83885K, committed 84544K, reserved 1179648K
  class space    used 11331K, committed 11648K, reserved 1048576K
}
Event: 9.623 GC heap before
{Heap before GC invocations=51 (full 0):
 garbage-first heap   total 199680K, used 157534K [0x0000000080000000, 0x0000000100000000)
  region size 1024K, 58 young (59392K), 3 survivors (3072K)
 Metaspace       used 86700K, committed 87424K, reserved 1179648K
  class space    used 11703K, committed 12032K, reserved 1048576K
}
Event: 9.627 GC heap after
{Heap after GC invocations=52 (full 0):
 garbage-first heap   total 199680K, used 106097K [0x0000000080000000, 0x0000000100000000)
  region size 1024K, 8 young (8192K), 8 survivors (8192K)
 Metaspace       used 86700K, committed 87424K, reserved 1179648K
  class space    used 11703K, committed 12032K, reserved 1048576K
}
Event: 9.632 GC heap before
{Heap before GC invocations=52 (full 0):
 garbage-first heap   total 199680K, used 106097K [0x0000000080000000, 0x0000000100000000)
  region size 1024K, 9 young (9216K), 8 survivors (8192K)
 Metaspace       used 86714K, committed 87424K, reserved 1179648K
  class space    used 11704K, committed 12032K, reserved 1048576K
}
Event: 9.636 GC heap after
{Heap after GC invocations=53 (full 0):
 garbage-first heap   total 199680K, used 106553K [0x0000000080000000, 0x0000000100000000)
  region size 1024K, 1 young (1024K), 1 survivors (1024K)
 Metaspace       used 86714K, committed 87424K, reserved 1179648K
  class space    used 11704K, committed 12032K, reserved 1048576K
}
Event: 10.155 GC heap before
{Heap before GC invocations=53 (full 0):
 garbage-first heap   total 199680K, used 159801K [0x0000000080000000, 0x0000000100000000)
  region size 1024K, 52 young (53248K), 1 survivors (1024K)
 Metaspace       used 90333K, committed 91072K, reserved 1179648K
  class space    used 12373K, committed 12736K, reserved 1048576K
}
Event: 10.157 GC heap after
{Heap after GC invocations=54 (full 0):
 garbage-first heap   total 199680K, used 107538K [0x0000000080000000, 0x0000000100000000)
  region size 1024K, 2 young (2048K), 2 survivors (2048K)
 Metaspace       used 90333K, committed 91072K, reserved 1179648K
  class space    used 12373K, committed 12736K, reserved 1048576K
}
Event: 10.678 GC heap before
{Heap before GC invocations=55 (full 0):
 garbage-first heap   total 199680K, used 161810K [0x0000000080000000, 0x0000000100000000)
  region size 1024K, 55 young (56320K), 2 survivors (2048K)
 Metaspace       used 93963K, committed 94720K, reserved 1179648K
  class space    used 12920K, committed 13248K, reserved 1048576K
}
Event: 10.682 GC heap after
{Heap after GC invocations=56 (full 0):
 garbage-first heap   total 199680K, used 109533K [0x0000000080000000, 0x0000000100000000)
  region size 1024K, 4 young (4096K), 4 survivors (4096K)
 Metaspace       used 93963K, committed 94720K, reserved 1179648K
  class space    used 12920K, committed 13248K, reserved 1048576K
}
Event: 10.731 GC heap before
{Heap before GC invocations=56 (full 0):
 garbage-first heap   total 199680K, used 113629K [0x0000000080000000, 0x0000000100000000)
  region size 1024K, 9 young (9216K), 4 survivors (4096K)
 Metaspace       used 94502K, committed 95296K, reserved 1179648K
  class space    used 13005K, committed 13376K, reserved 1048576K
}
Event: 10.734 GC heap after
{Heap after GC invocations=57 (full 0):
 garbage-first heap   total 199680K, used 110405K [0x0000000080000000, 0x0000000100000000)
  region size 1024K, 2 young (2048K), 2 survivors (2048K)
 Metaspace       used 94502K, committed 95296K, reserved 1179648K
  class space    used 13005K, committed 13376K, reserved 1048576K
}
Event: 11.249 GC heap before
{Heap before GC invocations=57 (full 0):
 garbage-first heap   total 199680K, used 179013K [0x0000000080000000, 0x0000000100000000)
  region size 1024K, 54 young (55296K), 2 survivors (2048K)
 Metaspace       used 100102K, committed 100864K, reserved 1179648K
  class space    used 13673K, committed 14016K, reserved 1048576K
}
Event: 11.253 GC heap after
{Heap after GC invocations=58 (full 0):
 garbage-first heap   total 199680K, used 129456K [0x0000000080000000, 0x0000000100000000)
  region size 1024K, 7 young (7168K), 7 survivors (7168K)
 Metaspace       used 100102K, committed 100864K, reserved 1179648K
  class space    used 13673K, committed 14016K, reserved 1048576K
}
Event: 11.446 GC heap before
{Heap before GC invocations=58 (full 0):
 garbage-first heap   total 199680K, used 165296K [0x0000000080000000, 0x0000000100000000)
  region size 1024K, 42 young (43008K), 7 survivors (7168K)
 Metaspace       used 101233K, committed 102016K, reserved 1179648K
  class space    used 13825K, committed 14208K, reserved 1048576K
}
Event: 11.452 GC heap after
{Heap after GC invocations=59 (full 0):
 garbage-first heap   total 199680K, used 132526K [0x0000000080000000, 0x0000000100000000)
  region size 1024K, 4 young (4096K), 4 survivors (4096K)
 Metaspace       used 101233K, committed 102016K, reserved 1179648K
  class space    used 13825K, committed 14208K, reserved 1048576K
}
Event: 11.597 GC heap before
{Heap before GC invocations=59 (full 0):
 garbage-first heap   total 199680K, used 170414K [0x0000000080000000, 0x0000000100000000)
  region size 1024K, 37 young (37888K), 4 survivors (4096K)
 Metaspace       used 101889K, committed 102720K, reserved 1179648K
  class space    used 13913K, committed 14336K, reserved 1048576K
}

